2024-05-08 23:01:54 - No new emails to process.
2024-05-08 23:30:02 - No new emails to process.
2024-05-08 23:38:02 - No new emails to process.
2024-05-08 23:40:03 - No new emails to process.
2024-05-08 23:42:02 - No new emails to process.
PHP Parse error:  syntax error, unexpected token "foreach" in /var/www/portal.twe.tech/cron/cron_ticket_email_parser.php on line 418

Parse error: syntax error, unexpected token "foreach" in /var/www/portal.twe.tech/cron/cron_ticket_email_parser.php on line 418
2024-05-08 23:46:02 - No new emails to process.
2024-05-08 23:48:02 - No new emails to process.
2024-05-08 23:50:03 - No new emails to process.
2024-05-08 23:52:03 - No new emails to process.
2024-05-08 23:54:02 - No new emails to process.
2024-05-08 23:56:03 - No new emails to process.
2024-05-08 23:58:03 - No new emails to process.
2024-05-09 00:00:02 - No new emails to process.
2024-05-09 00:02:02 - No new emails to process.
2024-05-09 00:04:02 - No new emails to process.
2024-05-09 00:06:03 - No new emails to process.
2024-05-09 00:08:02 - No new emails to process.
2024-05-09 00:10:02 - No new emails to process.
2024-05-09 00:12:03 - No new emails to process.
2024-05-09 00:14:02 - No new emails to process.
2024-05-09 00:16:02 - No new emails to process.
2024-05-09 00:18:03 - No new emails to process.
2024-05-09 00:20:02 - No new emails to process.
2024-05-09 00:22:02 - No new emails to process.
2024-05-09 00:24:03 - No new emails to process.
2024-05-09 00:26:02 - No new emails to process.
2024-05-09 00:28:05 - No new emails to process.
2024-05-09 00:30:02 - No new emails to process.
2024-05-09 00:32:02 - No new emails to process.
2024-05-09 00:34:02 - No new emails to process.
2024-05-09 00:36:02 - No new emails to process.
2024-05-09 00:38:03 - Processing 1 new emails.
2024-05-09 00:38:03 - Processing email ID: 0
2024-05-09 00:38:03 - Email from: noreply@rmmservice.com
2024-05-09 00:38:03 - No ticket number found in subject line.
2024-05-09 00:38:03 - Created new ticket for existing contact.2024-05-09 00:38:04 - Processed email and moved to ITFlow folder.
2024-05-09 00:40:03 - No new emails to process.
2024-05-09 00:42:03 - No new emails to process.
2024-05-09 00:44:02 - No new emails to process.
2024-05-09 00:46:02 - No new emails to process.
2024-05-09 00:48:03 - No new emails to process.
2024-05-09 00:50:02 - No new emails to process.
2024-05-09 00:52:02 - No new emails to process.
2024-05-09 00:54:02 - No new emails to process.
2024-05-09 00:56:03 - No new emails to process.
2024-05-09 00:58:03 - No new emails to process.
2024-05-09 01:00:02 - No new emails to process.
2024-05-09 01:02:02 - No new emails to process.
2024-05-09 01:04:02 - No new emails to process.
2024-05-09 01:06:02 - No new emails to process.
2024-05-09 01:08:04 - No new emails to process.
2024-05-09 01:10:02 - No new emails to process.
2024-05-09 01:12:02 - No new emails to process.
2024-05-09 01:14:02 - No new emails to process.
2024-05-09 01:16:02 - No new emails to process.
2024-05-09 01:18:02 - No new emails to process.
2024-05-09 01:20:04 - No new emails to process.
2024-05-09 01:22:02 - No new emails to process.
2024-05-09 01:24:02 - No new emails to process.
2024-05-09 01:26:03 - No new emails to process.
2024-05-09 01:28:02 - No new emails to process.
2024-05-09 01:30:02 - No new emails to process.
2024-05-09 01:32:02 - No new emails to process.
2024-05-09 01:34:02 - No new emails to process.
2024-05-09 01:36:03 - No new emails to process.
2024-05-09 01:38:02 - No new emails to process.
2024-05-09 01:40:02 - No new emails to process.
2024-05-09 01:42:02 - No new emails to process.
2024-05-09 01:44:02 - No new emails to process.
2024-05-09 01:46:03 - No new emails to process.
2024-05-09 01:48:02 - No new emails to process.
2024-05-09 01:50:02 - No new emails to process.
2024-05-09 01:52:02 - No new emails to process.
2024-05-09 01:54:02 - No new emails to process.
2024-05-09 01:56:02 - No new emails to process.
2024-05-09 01:58:01 - No new emails to process.
2024-05-09 02:00:02 - No new emails to process.
2024-05-09 02:02:02 - No new emails to process.
2024-05-09 02:04:02 - No new emails to process.
2024-05-09 02:06:02 - No new emails to process.
2024-05-09 02:08:02 - No new emails to process.
2024-05-09 02:10:02 - No new emails to process.
2024-05-09 02:12:05 - No new emails to process.
2024-05-09 02:14:02 - No new emails to process.
2024-05-09 02:16:02 - No new emails to process.
2024-05-09 02:18:01 - No new emails to process.
2024-05-09 02:20:02 - No new emails to process.
2024-05-09 02:22:02 - No new emails to process.
2024-05-09 02:24:02 - No new emails to process.
2024-05-09 02:26:03 - No new emails to process.
2024-05-09 02:28:02 - No new emails to process.
2024-05-09 02:30:04 - No new emails to process.
2024-05-09 02:32:03 - No new emails to process.
2024-05-09 02:34:02 - No new emails to process.
2024-05-09 02:36:02 - No new emails to process.
2024-05-09 02:38:02 - No new emails to process.
2024-05-09 02:40:02 - No new emails to process.
2024-05-09 02:42:02 - No new emails to process.
2024-05-09 02:44:05 - No new emails to process.
2024-05-09 02:46:02 - No new emails to process.
2024-05-09 02:48:03 - No new emails to process.
2024-05-09 02:50:03 - No new emails to process.
2024-05-09 02:52:02 - No new emails to process.
2024-05-09 02:54:02 - No new emails to process.
2024-05-09 02:56:03 - No new emails to process.
2024-05-09 02:58:02 - No new emails to process.
2024-05-09 03:00:02 - No new emails to process.
2024-05-09 03:02:03 - No new emails to process.
2024-05-09 03:04:03 - No new emails to process.
2024-05-09 03:06:05 - No new emails to process.
2024-05-09 03:08:02 - No new emails to process.
2024-05-09 03:10:04 - No new emails to process.
2024-05-09 03:12:02 - No new emails to process.
2024-05-09 03:14:02 - No new emails to process.
2024-05-09 03:16:02 - No new emails to process.
2024-05-09 03:18:02 - No new emails to process.
2024-05-09 03:20:02 - Processing 1 new emails.
2024-05-09 03:20:02 - Processing email ID: 0
2024-05-09 03:20:02 - Email from: root@pve.haley.local
2024-05-09 03:20:02 - No ticket number found in subject line.
2024-05-09 03:20:02 - Email from unknown contact, flagged for attention.
PHP Warning:  Trying to access array offset on value of type null in /var/www/portal.twe.tech/cron/cron_ticket_email_parser.php on line 190

Warning: Trying to access array offset on value of type null in /var/www/portal.twe.tech/cron/cron_ticket_email_parser.php on line 190
2024-05-09 03:20:02 - Created new ticket for unregistered contact.2024-05-09 03:20:03 - Processed email and moved to ITFlow folder.
2024-05-09 03:22:02 - No new emails to process.
2024-05-09 03:24:02 - No new emails to process.
2024-05-09 03:26:02 - Processing 1 new emails.
2024-05-09 03:26:02 - Processing email ID: 0
2024-05-09 03:26:02 - Email from: noreply@rmmservice.com
2024-05-09 03:26:02 - No ticket number found in subject line.
2024-05-09 03:26:02 - Created new ticket for existing contact.2024-05-09 03:26:03 - Processed email and moved to ITFlow folder.
2024-05-09 03:28:06 - Processing 3 new emails.
2024-05-09 03:28:06 - Processing email ID: 0
2024-05-09 03:28:06 - Email from: noreply@rmmservice.com
2024-05-09 03:28:06 - No ticket number found in subject line.
2024-05-09 03:28:06 - Created new ticket for existing contact.2024-05-09 03:28:07 - Processed email and moved to ITFlow folder.
2024-05-09 03:28:07 - Processing email ID: 1
2024-05-09 03:28:07 - Email from: noreply@rmmservice.com
2024-05-09 03:28:07 - No ticket number found in subject line.
2024-05-09 03:28:07 - Created new ticket for existing contact.2024-05-09 03:28:08 - Processed email and moved to ITFlow folder.
2024-05-09 03:28:08 - Processing email ID: 2
2024-05-09 03:28:08 - Email from: noreply@rmmservice.com
2024-05-09 03:28:08 - No ticket number found in subject line.
2024-05-09 03:28:08 - Created new ticket for existing contact.2024-05-09 03:28:09 - Processed email and moved to ITFlow folder.
2024-05-09 03:30:02 - No new emails to process.
2024-05-09 03:32:02 - No new emails to process.
2024-05-09 03:34:02 - Processing 1 new emails.
2024-05-09 03:34:02 - Processing email ID: 0
2024-05-09 03:34:02 - Email from: noreply@rmmservice.com
2024-05-09 03:34:02 - No ticket number found in subject line.
2024-05-09 03:34:02 - Created new ticket for existing contact.2024-05-09 03:34:03 - Processed email and moved to ITFlow folder.
2024-05-09 03:36:02 - No new emails to process.
2024-05-09 03:38:03 - Processing 1 new emails.
2024-05-09 03:38:03 - Processing email ID: 0
2024-05-09 03:38:03 - Email from: noreply@rmmservice.com
2024-05-09 03:38:03 - No ticket number found in subject line.
2024-05-09 03:38:03 - Created new ticket for existing contact.2024-05-09 03:38:04 - Processed email and moved to ITFlow folder.
2024-05-09 03:40:02 - No new emails to process.
2024-05-09 03:42:02 - No new emails to process.
2024-05-09 03:44:03 - No new emails to process.
2024-05-09 03:46:03 - No new emails to process.
2024-05-09 03:48:02 - No new emails to process.
2024-05-09 03:50:02 - No new emails to process.
2024-05-09 03:52:02 - No new emails to process.
2024-05-09 03:54:02 - No new emails to process.
2024-05-09 03:56:01 - No new emails to process.
2024-05-09 03:58:02 - No new emails to process.
2024-05-09 04:00:03 - No new emails to process.
2024-05-09 04:02:02 - No new emails to process.
2024-05-09 04:04:01 - No new emails to process.
2024-05-09 04:06:02 - No new emails to process.
2024-05-09 04:08:01 - No new emails to process.
2024-05-09 04:10:05 - No new emails to process.
2024-05-09 04:12:02 - No new emails to process.
2024-05-09 04:14:02 - No new emails to process.
2024-05-09 04:16:02 - No new emails to process.
2024-05-09 04:18:03 - No new emails to process.
2024-05-09 04:20:02 - No new emails to process.
2024-05-09 04:22:02 - No new emails to process.
2024-05-09 04:24:02 - No new emails to process.
2024-05-09 04:26:02 - No new emails to process.
2024-05-09 04:28:02 - No new emails to process.
2024-05-09 04:30:02 - No new emails to process.
2024-05-09 04:32:03 - No new emails to process.
2024-05-09 04:34:02 - No new emails to process.
2024-05-09 04:36:02 - No new emails to process.
2024-05-09 04:38:03 - No new emails to process.
2024-05-09 04:40:03 - No new emails to process.
2024-05-09 04:42:02 - No new emails to process.
2024-05-09 04:44:01 - No new emails to process.
2024-05-09 04:46:02 - No new emails to process.
2024-05-09 04:48:02 - No new emails to process.
2024-05-09 04:50:03 - No new emails to process.
2024-05-09 04:52:02 - No new emails to process.
2024-05-09 04:54:02 - No new emails to process.
2024-05-09 04:56:02 - No new emails to process.
2024-05-09 04:58:04 - No new emails to process.
2024-05-09 05:00:02 - No new emails to process.
2024-05-09 05:02:03 - No new emails to process.
2024-05-09 05:04:02 - No new emails to process.
2024-05-09 05:06:03 - No new emails to process.
2024-05-09 05:08:02 - No new emails to process.
2024-05-09 05:10:02 - No new emails to process.
2024-05-09 05:12:02 - No new emails to process.
2024-05-09 05:14:03 - No new emails to process.
2024-05-09 05:16:02 - No new emails to process.
2024-05-09 05:18:02 - No new emails to process.
2024-05-09 05:20:02 - No new emails to process.
2024-05-09 05:22:02 - No new emails to process.
2024-05-09 05:24:02 - No new emails to process.
2024-05-09 05:26:02 - No new emails to process.
2024-05-09 05:28:03 - No new emails to process.
2024-05-09 05:30:02 - No new emails to process.
2024-05-09 05:32:02 - No new emails to process.
2024-05-09 05:34:02 - No new emails to process.
2024-05-09 05:36:02 - No new emails to process.
2024-05-09 05:38:03 - No new emails to process.
2024-05-09 05:40:02 - No new emails to process.
2024-05-09 05:42:02 - No new emails to process.
2024-05-09 05:44:02 - No new emails to process.
2024-05-09 05:46:03 - No new emails to process.
2024-05-09 05:48:02 - No new emails to process.
2024-05-09 05:50:06 - No new emails to process.
2024-05-09 05:52:02 - No new emails to process.
2024-05-09 05:54:02 - No new emails to process.
2024-05-09 05:56:02 - No new emails to process.
2024-05-09 05:58:03 - No new emails to process.
2024-05-09 06:00:02 - No new emails to process.
2024-05-09 06:02:02 - No new emails to process.
2024-05-09 06:04:02 - No new emails to process.
2024-05-09 06:06:02 - No new emails to process.
2024-05-09 06:08:02 - No new emails to process.
2024-05-09 06:10:03 - No new emails to process.
2024-05-09 06:12:02 - No new emails to process.
2024-05-09 06:14:02 - No new emails to process.
2024-05-09 06:16:02 - No new emails to process.
2024-05-09 06:18:02 - No new emails to process.
2024-05-09 06:20:02 - No new emails to process.
2024-05-09 06:22:02 - No new emails to process.
2024-05-09 06:24:03 - No new emails to process.
2024-05-09 06:26:02 - No new emails to process.
2024-05-09 06:28:02 - No new emails to process.
2024-05-09 06:30:03 - No new emails to process.
2024-05-09 06:32:02 - No new emails to process.
2024-05-09 06:34:02 - No new emails to process.
2024-05-09 06:36:02 - No new emails to process.
2024-05-09 06:38:02 - No new emails to process.
2024-05-09 06:40:03 - No new emails to process.
2024-05-09 06:42:02 - No new emails to process.
2024-05-09 06:44:02 - No new emails to process.
2024-05-09 06:46:02 - No new emails to process.
2024-05-09 06:48:02 - No new emails to process.
2024-05-09 06:50:03 - No new emails to process.
2024-05-09 06:52:03 - No new emails to process.
2024-05-09 06:54:02 - No new emails to process.
2024-05-09 06:56:02 - No new emails to process.
2024-05-09 06:58:02 - No new emails to process.
2024-05-09 07:00:03 - No new emails to process.
2024-05-09 07:02:02 - No new emails to process.
2024-05-09 07:04:02 - No new emails to process.
2024-05-09 07:06:03 - No new emails to process.
2024-05-09 07:08:03 - No new emails to process.
2024-05-09 07:10:05 - No new emails to process.
2024-05-09 07:12:02 - No new emails to process.
2024-05-09 07:14:03 - No new emails to process.
2024-05-09 07:16:02 - No new emails to process.
2024-05-09 07:18:02 - No new emails to process.
2024-05-09 07:20:01 - No new emails to process.
2024-05-09 07:22:02 - No new emails to process.
2024-05-09 07:24:03 - No new emails to process.
2024-05-09 07:26:03 - No new emails to process.
2024-05-09 07:28:02 - No new emails to process.
2024-05-09 07:30:03 - No new emails to process.
2024-05-09 07:32:02 - No new emails to process.
2024-05-09 07:34:02 - No new emails to process.
2024-05-09 07:36:02 - No new emails to process.
2024-05-09 07:38:03 - No new emails to process.
2024-05-09 07:40:02 - No new emails to process.
2024-05-09 07:42:02 - No new emails to process.
2024-05-09 07:44:03 - No new emails to process.
2024-05-09 07:46:02 - No new emails to process.
2024-05-09 07:48:02 - No new emails to process.
2024-05-09 07:50:02 - No new emails to process.
2024-05-09 07:52:03 - No new emails to process.
2024-05-09 07:54:02 - No new emails to process.
2024-05-09 07:56:02 - No new emails to process.
2024-05-09 07:58:06 - No new emails to process.
2024-05-09 08:00:02 - No new emails to process.
2024-05-09 08:02:02 - No new emails to process.
2024-05-09 08:04:03 - No new emails to process.
2024-05-09 08:06:03 - No new emails to process.
2024-05-09 08:08:03 - No new emails to process.
2024-05-09 08:10:02 - No new emails to process.
2024-05-09 08:12:02 - No new emails to process.
2024-05-09 08:14:01 - No new emails to process.
2024-05-09 08:16:01 - No new emails to process.
2024-05-09 08:18:02 - No new emails to process.
2024-05-09 08:20:02 - No new emails to process.
2024-05-09 08:22:02 - No new emails to process.
2024-05-09 08:24:02 - No new emails to process.
2024-05-09 08:26:02 - No new emails to process.
2024-05-09 08:28:03 - No new emails to process.
2024-05-09 08:30:02 - No new emails to process.
2024-05-09 08:32:03 - No new emails to process.
2024-05-09 08:34:02 - No new emails to process.
2024-05-09 08:36:03 - No new emails to process.
2024-05-09 08:38:02 - No new emails to process.
2024-05-09 08:40:02 - No new emails to process.
2024-05-09 08:42:03 - No new emails to process.
2024-05-09 08:44:02 - No new emails to process.
2024-05-09 08:46:02 - No new emails to process.
2024-05-09 08:48:02 - No new emails to process.
2024-05-09 08:50:03 - No new emails to process.
2024-05-09 08:52:02 - No new emails to process.
2024-05-09 08:54:02 - No new emails to process.
2024-05-09 08:56:02 - No new emails to process.
2024-05-09 08:58:02 - No new emails to process.
2024-05-09 09:00:02 - No new emails to process.
2024-05-09 09:02:03 - No new emails to process.
2024-05-09 09:04:02 - No new emails to process.
2024-05-09 09:06:03 - No new emails to process.
2024-05-09 09:08:02 - No new emails to process.
2024-05-09 09:10:02 - No new emails to process.
2024-05-09 09:12:02 - No new emails to process.
2024-05-09 09:14:03 - No new emails to process.
2024-05-09 09:16:02 - No new emails to process.
2024-05-09 09:18:02 - No new emails to process.
2024-05-09 09:20:02 - No new emails to process.
2024-05-09 09:22:03 - No new emails to process.
2024-05-09 09:24:02 - No new emails to process.
2024-05-09 09:26:02 - No new emails to process.
2024-05-09 09:28:03 - No new emails to process.
2024-05-09 09:30:03 - No new emails to process.
2024-05-09 09:32:02 - No new emails to process.
2024-05-09 09:34:02 - No new emails to process.
2024-05-09 09:36:03 - No new emails to process.
2024-05-09 09:38:02 - No new emails to process.
2024-05-09 09:40:02 - No new emails to process.
2024-05-09 09:42:03 - No new emails to process.
2024-05-09 09:44:02 - No new emails to process.
2024-05-09 09:46:02 - No new emails to process.
2024-05-09 09:48:02 - No new emails to process.
2024-05-09 09:50:03 - No new emails to process.
2024-05-09 09:52:02 - No new emails to process.
2024-05-09 09:54:03 - No new emails to process.
2024-05-09 09:56:03 - No new emails to process.
2024-05-09 09:58:02 - No new emails to process.
2024-05-09 10:00:02 - No new emails to process.
2024-05-09 10:02:02 - No new emails to process.
2024-05-09 10:04:02 - No new emails to process.
2024-05-09 10:06:02 - No new emails to process.
2024-05-09 10:08:06 - No new emails to process.
2024-05-09 10:10:03 - No new emails to process.
2024-05-09 10:12:03 - No new emails to process.
2024-05-09 10:14:02 - No new emails to process.
2024-05-09 10:16:02 - No new emails to process.
2024-05-09 10:18:02 - No new emails to process.
2024-05-09 10:20:03 - No new emails to process.
2024-05-09 10:22:02 - No new emails to process.
2024-05-09 10:24:02 - No new emails to process.
2024-05-09 10:26:02 - No new emails to process.
2024-05-09 10:28:03 - No new emails to process.
2024-05-09 10:30:03 - No new emails to process.
2024-05-09 10:32:02 - No new emails to process.
2024-05-09 10:34:01 - No new emails to process.
2024-05-09 10:36:02 - No new emails to process.
2024-05-09 10:38:03 - No new emails to process.
2024-05-09 10:40:03 - No new emails to process.
2024-05-09 10:42:02 - No new emails to process.
2024-05-09 10:44:03 - No new emails to process.
2024-05-09 10:46:02 - No new emails to process.
2024-05-09 10:48:02 - No new emails to process.
2024-05-09 10:50:02 - No new emails to process.
2024-05-09 10:52:03 - No new emails to process.
2024-05-09 10:54:06 - No new emails to process.
2024-05-09 10:56:03 - No new emails to process.
2024-05-09 10:58:03 - No new emails to process.
2024-05-09 11:00:02 - No new emails to process.
2024-05-09 11:02:03 - No new emails to process.
2024-05-09 11:04:02 - No new emails to process.
2024-05-09 11:06:02 - No new emails to process.
2024-05-09 11:08:02 - No new emails to process.
2024-05-09 11:10:03 - No new emails to process.
2024-05-09 11:12:02 - No new emails to process.
2024-05-09 11:14:03 - No new emails to process.
2024-05-09 11:16:02 - No new emails to process.
2024-05-09 11:18:02 - No new emails to process.
2024-05-09 11:20:02 - No new emails to process.
2024-05-09 11:22:02 - No new emails to process.
2024-05-09 11:24:02 - No new emails to process.
2024-05-09 11:26:02 - No new emails to process.
2024-05-09 11:28:02 - No new emails to process.
2024-05-09 11:30:06 - No new emails to process.
2024-05-09 11:32:02 - No new emails to process.
2024-05-09 11:34:03 - No new emails to process.
2024-05-09 11:36:02 - No new emails to process.
2024-05-09 11:38:01 - No new emails to process.
2024-05-09 11:40:02 - No new emails to process.
2024-05-09 11:42:02 - No new emails to process.
2024-05-09 11:44:02 - No new emails to process.
2024-05-09 11:46:02 - No new emails to process.
2024-05-09 11:48:02 - No new emails to process.
2024-05-09 11:50:02 - No new emails to process.
2024-05-09 11:52:02 - No new emails to process.
2024-05-09 11:54:01 - No new emails to process.
2024-05-09 11:56:05 - No new emails to process.
2024-05-09 11:58:02 - No new emails to process.
2024-05-09 12:00:03 - No new emails to process.
2024-05-09 12:02:02 - No new emails to process.
2024-05-09 12:04:03 - No new emails to process.
2024-05-09 12:06:02 - No new emails to process.
2024-05-09 12:08:02 - No new emails to process.
2024-05-09 12:10:03 - No new emails to process.
2024-05-09 12:12:02 - No new emails to process.
2024-05-09 12:14:01 - No new emails to process.
2024-05-09 12:16:02 - No new emails to process.
2024-05-09 12:18:03 - No new emails to process.
2024-05-09 12:20:02 - No new emails to process.
2024-05-09 12:22:02 - No new emails to process.
2024-05-09 12:24:02 - No new emails to process.
2024-05-09 12:26:02 - No new emails to process.
2024-05-09 12:28:02 - No new emails to process.
2024-05-09 12:30:02 - No new emails to process.
2024-05-09 12:32:02 - No new emails to process.
2024-05-09 12:34:02 - No new emails to process.
2024-05-09 12:36:03 - No new emails to process.
2024-05-09 12:38:03 - No new emails to process.
2024-05-09 12:40:02 - No new emails to process.
2024-05-09 12:42:02 - No new emails to process.
2024-05-09 12:44:02 - No new emails to process.
2024-05-09 12:46:03 - No new emails to process.
2024-05-09 12:48:02 - No new emails to process.
2024-05-09 12:50:03 - No new emails to process.
2024-05-09 12:52:02 - No new emails to process.
2024-05-09 12:54:02 - No new emails to process.
2024-05-09 12:56:02 - No new emails to process.
2024-05-09 12:58:02 - No new emails to process.
2024-05-09 13:00:03 - No new emails to process.
2024-05-09 13:02:02 - No new emails to process.
2024-05-09 13:04:02 - No new emails to process.
2024-05-09 13:06:02 - No new emails to process.
2024-05-09 13:08:02 - No new emails to process.
2024-05-09 13:10:02 - No new emails to process.
2024-05-09 13:12:02 - No new emails to process.
2024-05-09 13:14:02 - No new emails to process.
2024-05-09 13:16:02 - No new emails to process.
2024-05-09 13:18:02 - No new emails to process.
2024-05-09 13:20:02 - No new emails to process.
2024-05-09 13:22:02 - No new emails to process.
2024-05-09 13:24:02 - No new emails to process.
2024-05-09 13:26:03 - No new emails to process.
2024-05-09 13:28:02 - No new emails to process.
2024-05-09 13:30:02 - No new emails to process.
2024-05-09 13:32:02 - No new emails to process.
2024-05-09 13:34:02 - No new emails to process.
2024-05-09 13:36:02 - No new emails to process.
2024-05-09 13:38:04 - No new emails to process.
2024-05-09 13:40:02 - No new emails to process.
2024-05-09 13:42:03 - No new emails to process.
2024-05-09 13:44:02 - No new emails to process.
2024-05-09 13:46:02 - No new emails to process.
2024-05-09 13:48:02 - No new emails to process.
2024-05-09 13:50:02 - No new emails to process.
2024-05-09 13:52:02 - No new emails to process.
2024-05-09 13:54:02 - No new emails to process.
2024-05-09 13:56:03 - No new emails to process.
2024-05-09 13:58:02 - No new emails to process.
2024-05-09 14:00:02 - No new emails to process.
2024-05-09 14:02:02 - No new emails to process.
2024-05-09 14:04:02 - No new emails to process.
2024-05-09 14:06:02 - No new emails to process.
2024-05-09 14:08:02 - No new emails to process.
2024-05-09 14:10:02 - No new emails to process.
2024-05-09 14:12:02 - No new emails to process.
2024-05-09 14:14:03 - No new emails to process.
2024-05-09 14:16:04 - No new emails to process.
2024-05-09 14:18:02 - No new emails to process.
2024-05-09 14:20:02 - No new emails to process.
2024-05-09 14:22:02 - No new emails to process.
2024-05-09 14:24:01 - No new emails to process.
2024-05-09 14:26:03 - No new emails to process.
2024-05-09 14:28:02 - No new emails to process.
2024-05-09 14:30:02 - No new emails to process.
2024-05-09 14:32:02 - No new emails to process.
2024-05-09 14:34:02 - No new emails to process.
2024-05-09 14:36:02 - No new emails to process.
2024-05-09 14:38:03 - No new emails to process.
2024-05-09 14:40:02 - No new emails to process.
2024-05-09 14:42:02 - No new emails to process.
2024-05-09 14:44:03 - No new emails to process.
2024-05-09 14:46:02 - No new emails to process.
2024-05-09 14:48:03 - No new emails to process.
2024-05-09 14:50:03 - No new emails to process.
2024-05-09 14:52:03 - No new emails to process.
2024-05-09 14:54:02 - No new emails to process.
2024-05-09 14:56:02 - No new emails to process.
2024-05-09 14:58:02 - No new emails to process.
2024-05-09 15:00:03 - No new emails to process.
2024-05-09 15:02:02 - No new emails to process.
2024-05-09 15:04:02 - No new emails to process.
2024-05-09 15:06:03 - No new emails to process.
2024-05-09 15:08:02 - No new emails to process.
2024-05-09 15:10:02 - No new emails to process.
2024-05-09 15:12:03 - No new emails to process.
2024-05-09 15:14:02 - No new emails to process.
2024-05-09 15:16:02 - No new emails to process.
2024-05-09 15:18:02 - No new emails to process.
2024-05-09 15:20:03 - No new emails to process.
2024-05-09 15:22:02 - No new emails to process.
2024-05-09 15:24:06 - No new emails to process.
2024-05-09 15:26:02 - No new emails to process.
2024-05-09 15:28:02 - No new emails to process.
2024-05-09 15:30:02 - No new emails to process.
2024-05-09 15:32:02 - No new emails to process.
2024-05-09 15:34:03 - No new emails to process.
2024-05-09 15:36:02 - No new emails to process.
2024-05-09 15:38:02 - No new emails to process.
2024-05-09 15:40:04 - No new emails to process.
2024-05-09 15:42:02 - No new emails to process.
2024-05-09 15:44:01 - No new emails to process.
2024-05-09 15:46:03 - No new emails to process.
2024-05-09 15:48:02 - No new emails to process.
2024-05-09 15:50:03 - No new emails to process.
2024-05-09 15:52:02 - No new emails to process.
2024-05-09 15:54:02 - No new emails to process.
2024-05-09 15:56:02 - No new emails to process.
2024-05-09 15:58:01 - No new emails to process.
2024-05-09 16:00:02 - No new emails to process.
2024-05-09 16:02:02 - No new emails to process.
2024-05-09 16:04:01 - No new emails to process.
2024-05-09 16:06:02 - No new emails to process.
2024-05-09 16:08:01 - No new emails to process.
2024-05-09 16:10:02 - No new emails to process.
2024-05-09 16:12:02 - No new emails to process.
2024-05-09 16:14:02 - No new emails to process.
2024-05-09 16:16:02 - No new emails to process.
2024-05-09 16:18:02 - No new emails to process.
2024-05-09 16:20:02 - No new emails to process.
2024-05-09 16:22:02 - No new emails to process.
2024-05-09 16:24:03 - No new emails to process.
2024-05-09 16:26:03 - No new emails to process.
2024-05-09 16:28:02 - No new emails to process.
2024-05-09 16:30:03 - No new emails to process.
2024-05-09 16:32:01 - No new emails to process.
2024-05-09 16:34:01 - No new emails to process.
2024-05-09 16:36:02 - No new emails to process.
2024-05-09 16:38:01 - No new emails to process.
2024-05-09 16:40:02 - No new emails to process.
2024-05-09 16:42:03 - No new emails to process.
2024-05-09 16:44:05 - No new emails to process.
2024-05-09 16:46:03 - No new emails to process.
2024-05-09 16:48:02 - No new emails to process.
2024-05-09 16:50:02 - No new emails to process.
2024-05-09 16:52:02 - No new emails to process.
2024-05-09 16:54:02 - No new emails to process.
2024-05-09 16:56:02 - No new emails to process.
2024-05-09 16:58:02 - No new emails to process.
2024-05-09 17:00:01 - No new emails to process.
2024-05-09 17:02:03 - No new emails to process.
2024-05-09 17:04:01 - No new emails to process.
2024-05-09 17:06:02 - No new emails to process.
2024-05-09 17:08:03 - No new emails to process.
2024-05-09 17:10:02 - No new emails to process.
2024-05-09 17:12:02 - No new emails to process.
2024-05-09 17:14:02 - No new emails to process.
2024-05-09 17:16:02 - No new emails to process.
2024-05-09 17:18:02 - No new emails to process.
2024-05-09 17:20:02 - No new emails to process.
2024-05-09 17:22:02 - No new emails to process.
2024-05-09 17:24:02 - No new emails to process.
2024-05-09 17:26:02 - No new emails to process.
2024-05-09 17:28:02 - No new emails to process.
2024-05-09 17:30:02 - No new emails to process.
2024-05-09 17:32:02 - No new emails to process.
2024-05-09 17:34:02 - No new emails to process.
2024-05-09 17:36:02 - No new emails to process.
2024-05-09 17:38:02 - No new emails to process.
2024-05-09 17:40:02 - No new emails to process.
2024-05-09 17:42:02 - No new emails to process.
2024-05-09 17:44:02 - No new emails to process.
2024-05-09 17:46:02 - No new emails to process.
2024-05-09 17:48:02 - No new emails to process.
2024-05-09 17:50:02 - No new emails to process.
2024-05-09 17:52:02 - No new emails to process.
2024-05-09 17:54:04 - No new emails to process.
2024-05-09 17:56:02 - No new emails to process.
2024-05-09 17:58:02 - No new emails to process.
2024-05-09 18:00:02 - No new emails to process.
2024-05-09 18:02:02 - No new emails to process.
2024-05-09 18:04:01 - No new emails to process.
2024-05-09 18:06:02 - No new emails to process.
2024-05-09 18:08:02 - No new emails to process.
2024-05-09 18:10:02 - No new emails to process.
2024-05-09 18:12:02 - No new emails to process.
2024-05-09 18:14:02 - No new emails to process.
2024-05-09 18:16:02 - No new emails to process.
2024-05-09 18:18:05 - No new emails to process.
2024-05-09 18:20:02 - No new emails to process.
2024-05-09 18:22:03 - No new emails to process.
2024-05-09 18:24:02 - No new emails to process.
2024-05-09 18:26:02 - No new emails to process.
2024-05-09 18:28:01 - No new emails to process.
2024-05-09 18:30:02 - No new emails to process.
2024-05-09 18:32:03 - No new emails to process.
2024-05-09 18:34:02 - No new emails to process.
2024-05-09 18:36:02 - No new emails to process.
2024-05-09 18:38:02 - No new emails to process.
2024-05-09 18:40:03 - No new emails to process.
2024-05-09 18:42:02 - No new emails to process.
2024-05-09 18:44:05 - No new emails to process.
2024-05-09 18:46:02 - No new emails to process.
2024-05-09 18:48:02 - No new emails to process.
2024-05-09 18:50:02 - No new emails to process.
2024-05-09 18:52:02 - No new emails to process.
2024-05-09 18:54:02 - No new emails to process.
2024-05-09 18:56:03 - No new emails to process.
2024-05-09 18:58:02 - No new emails to process.
2024-05-09 19:00:02 - No new emails to process.
2024-05-09 19:02:06 - No new emails to process.
2024-05-09 19:04:02 - No new emails to process.
2024-05-09 19:06:02 - No new emails to process.
2024-05-09 19:08:03 - No new emails to process.
2024-05-09 19:10:02 - No new emails to process.
2024-05-09 19:12:03 - No new emails to process.
2024-05-09 19:14:02 - No new emails to process.
2024-05-09 19:16:02 - No new emails to process.
2024-05-09 19:18:02 - No new emails to process.
2024-05-09 19:20:02 - No new emails to process.
2024-05-09 19:22:02 - No new emails to process.
2024-05-09 19:24:02 - No new emails to process.
2024-05-09 19:26:02 - No new emails to process.
2024-05-09 19:28:02 - No new emails to process.
2024-05-09 19:30:03 - No new emails to process.
2024-05-09 19:32:02 - No new emails to process.
2024-05-09 19:34:02 - No new emails to process.
2024-05-09 19:36:02 - No new emails to process.
2024-05-09 19:38:03 - No new emails to process.
2024-05-09 19:40:06 - No new emails to process.
2024-05-09 19:42:02 - No new emails to process.
2024-05-09 19:44:03 - No new emails to process.
2024-05-09 19:46:02 - No new emails to process.
2024-05-09 19:48:02 - No new emails to process.
2024-05-09 19:50:03 - No new emails to process.
2024-05-09 19:52:02 - No new emails to process.
2024-05-09 19:54:03 - No new emails to process.
2024-05-09 19:56:03 - No new emails to process.
2024-05-09 19:58:02 - No new emails to process.
2024-05-09 20:00:03 - No new emails to process.
2024-05-09 20:02:02 - No new emails to process.
2024-05-09 20:04:02 - No new emails to process.
2024-05-09 20:06:02 - No new emails to process.
2024-05-09 20:08:02 - No new emails to process.
2024-05-09 20:10:02 - No new emails to process.
2024-05-09 20:12:02 - No new emails to process.
2024-05-09 20:14:02 - No new emails to process.
2024-05-09 20:16:03 - No new emails to process.
2024-05-09 20:18:03 - No new emails to process.
2024-05-09 20:20:02 - No new emails to process.
2024-05-09 20:22:02 - No new emails to process.
2024-05-09 20:24:03 - No new emails to process.
2024-05-09 20:26:02 - No new emails to process.
2024-05-09 20:28:03 - Processing 1 new emails.
2024-05-09 20:28:03 - Processing email ID: 0
2024-05-09 20:28:03 - Email from: noreply@rmmservice.com
2024-05-09 20:28:03 - No ticket number found in subject line.
2024-05-09 20:28:03 - Created new ticket for existing contact.2024-05-09 20:28:04 - Processed email and moved to ITFlow folder.
2024-05-09 20:30:02 - Processing 1 new emails.
2024-05-09 20:30:02 - Processing email ID: 0
2024-05-09 20:30:02 - Email from: noreply@rmmservice.com
2024-05-09 20:30:02 - No ticket number found in subject line.
2024-05-09 20:30:02 - Created new ticket for existing contact.2024-05-09 20:30:03 - Processed email and moved to ITFlow folder.
2024-05-09 20:32:02 - No new emails to process.
2024-05-09 20:34:02 - No new emails to process.
2024-05-09 20:36:02 - No new emails to process.
2024-05-09 20:38:02 - No new emails to process.
2024-05-09 20:40:01 - No new emails to process.
2024-05-09 20:42:02 - No new emails to process.
2024-05-09 20:44:02 - No new emails to process.
2024-05-09 20:46:02 - No new emails to process.
2024-05-09 20:48:03 - No new emails to process.
2024-05-09 20:50:02 - No new emails to process.
2024-05-09 20:52:02 - No new emails to process.
2024-05-09 20:54:02 - No new emails to process.
2024-05-09 20:56:04 - No new emails to process.
2024-05-09 20:58:02 - No new emails to process.
2024-05-09 21:00:02 - No new emails to process.
2024-05-09 21:02:02 - No new emails to process.
2024-05-09 21:04:02 - No new emails to process.
2024-05-09 21:06:03 - No new emails to process.
2024-05-09 21:08:02 - No new emails to process.
2024-05-09 21:10:02 - No new emails to process.
2024-05-09 21:12:03 - No new emails to process.
2024-05-09 21:14:02 - No new emails to process.
2024-05-09 21:16:02 - No new emails to process.
2024-05-09 21:18:02 - No new emails to process.
2024-05-09 21:20:03 - No new emails to process.
2024-05-09 21:22:02 - No new emails to process.
2024-05-09 21:24:05 - No new emails to process.
2024-05-09 21:26:02 - No new emails to process.
2024-05-09 21:28:02 - No new emails to process.
2024-05-09 21:30:02 - No new emails to process.
2024-05-09 21:32:02 - No new emails to process.
2024-05-09 21:34:03 - No new emails to process.
2024-05-09 21:36:02 - No new emails to process.
2024-05-09 21:38:02 - No new emails to process.
2024-05-09 21:40:02 - No new emails to process.
2024-05-09 21:42:02 - No new emails to process.
2024-05-09 21:44:02 - No new emails to process.
2024-05-09 21:46:02 - No new emails to process.
2024-05-09 21:48:03 - No new emails to process.
2024-05-09 21:50:02 - No new emails to process.
2024-05-09 21:52:01 - No new emails to process.
2024-05-09 21:54:02 - No new emails to process.
2024-05-09 21:56:02 - No new emails to process.
2024-05-09 21:58:02 - No new emails to process.
2024-05-09 22:00:02 - No new emails to process.
2024-05-09 22:02:02 - No new emails to process.
2024-05-09 22:04:02 - No new emails to process.
2024-05-09 22:06:02 - No new emails to process.
2024-05-09 22:08:02 - No new emails to process.
2024-05-09 22:10:01 - No new emails to process.
2024-05-09 22:12:02 - No new emails to process.
2024-05-09 22:14:02 - No new emails to process.
2024-05-09 22:16:03 - No new emails to process.
2024-05-09 22:18:02 - No new emails to process.
2024-05-09 22:20:03 - No new emails to process.
2024-05-09 22:22:02 - No new emails to process.
2024-05-09 22:24:02 - No new emails to process.
2024-05-09 22:26:02 - No new emails to process.
2024-05-09 22:28:03 - No new emails to process.
2024-05-09 22:30:03 - No new emails to process.
2024-05-09 22:32:02 - No new emails to process.
2024-05-09 22:34:03 - No new emails to process.
2024-05-09 22:36:03 - No new emails to process.
2024-05-09 22:38:02 - No new emails to process.
2024-05-09 22:40:02 - No new emails to process.
2024-05-09 22:42:02 - No new emails to process.
2024-05-09 22:44:02 - No new emails to process.
2024-05-09 22:46:01 - No new emails to process.
2024-05-09 22:48:02 - No new emails to process.
2024-05-09 22:50:02 - No new emails to process.
2024-05-09 22:52:02 - No new emails to process.
2024-05-09 22:54:02 - No new emails to process.
2024-05-09 22:56:02 - No new emails to process.
2024-05-09 22:58:02 - No new emails to process.
2024-05-09 23:00:02 - No new emails to process.
2024-05-09 23:02:02 - No new emails to process.
2024-05-09 23:04:04 - No new emails to process.
2024-05-09 23:06:03 - No new emails to process.
2024-05-09 23:08:02 - No new emails to process.
2024-05-09 23:10:02 - No new emails to process.
2024-05-09 23:12:02 - No new emails to process.
2024-05-09 23:14:02 - No new emails to process.
2024-05-09 23:16:02 - No new emails to process.
2024-05-09 23:18:01 - No new emails to process.
2024-05-09 23:20:02 - No new emails to process.
2024-05-09 23:22:04 - No new emails to process.
2024-05-09 23:24:02 - No new emails to process.
2024-05-09 23:26:02 - No new emails to process.
2024-05-09 23:28:02 - No new emails to process.
2024-05-09 23:30:02 - No new emails to process.
2024-05-09 23:32:01 - No new emails to process.
2024-05-09 23:34:02 - No new emails to process.
2024-05-09 23:36:02 - No new emails to process.
2024-05-09 23:38:02 - No new emails to process.
2024-05-09 23:40:03 - No new emails to process.
2024-05-09 23:42:03 - No new emails to process.
2024-05-09 23:44:02 - No new emails to process.
2024-05-09 23:46:04 - No new emails to process.
2024-05-09 23:48:02 - No new emails to process.
2024-05-09 23:50:02 - No new emails to process.
2024-05-09 23:52:01 - No new emails to process.
2024-05-09 23:54:02 - No new emails to process.
2024-05-09 23:56:02 - No new emails to process.
2024-05-09 23:58:02 - Processing 1 new emails.
2024-05-09 23:58:02 - Processing email ID: 0
2024-05-09 23:58:03 - Email from: shrinivas.togare@knovaone.com
2024-05-09 23:58:03 - No ticket number found in subject line.
2024-05-09 23:58:03 - Email from unknown contact, flagged for attention.
PHP Warning:  Trying to access array offset on value of type null in /var/www/portal.twe.tech/cron/cron_ticket_email_parser.php on line 190

Warning: Trying to access array offset on value of type null in /var/www/portal.twe.tech/cron/cron_ticket_email_parser.php on line 190
2024-05-09 23:58:03 - Created new ticket for unregistered contact.2024-05-09 23:58:04 - Processed email and moved to ITFlow folder.
2024-05-10 00:00:03 - No new emails to process.
2024-05-10 00:02:03 - No new emails to process.
2024-05-10 00:04:02 - No new emails to process.
2024-05-10 00:06:03 - No new emails to process.
2024-05-10 00:08:02 - No new emails to process.
2024-05-10 00:10:02 - No new emails to process.
2024-05-10 00:12:03 - No new emails to process.
2024-05-10 00:14:02 - No new emails to process.
2024-05-10 00:16:02 - No new emails to process.
2024-05-10 00:18:02 - No new emails to process.
2024-05-10 00:20:02 - No new emails to process.
2024-05-10 00:22:02 - No new emails to process.
2024-05-10 00:24:03 - No new emails to process.
2024-05-10 00:26:03 - No new emails to process.
2024-05-10 00:28:02 - No new emails to process.
2024-05-10 00:30:03 - No new emails to process.
2024-05-10 00:32:02 - No new emails to process.
2024-05-10 00:34:02 - No new emails to process.
2024-05-10 00:36:02 - No new emails to process.
2024-05-10 00:38:02 - No new emails to process.
2024-05-10 00:40:02 - No new emails to process.
2024-05-10 00:42:02 - No new emails to process.
2024-05-10 00:44:04 - No new emails to process.
2024-05-10 00:46:01 - No new emails to process.
2024-05-10 00:48:02 - No new emails to process.
2024-05-10 00:50:03 - No new emails to process.
2024-05-10 00:52:02 - No new emails to process.
2024-05-10 00:54:03 - No new emails to process.
2024-05-10 00:56:02 - No new emails to process.
2024-05-10 00:58:02 - No new emails to process.
2024-05-10 01:00:02 - No new emails to process.
2024-05-10 01:02:02 - No new emails to process.
2024-05-10 01:04:03 - No new emails to process.
2024-05-10 01:06:02 - No new emails to process.
2024-05-10 01:08:03 - No new emails to process.
2024-05-10 01:10:02 - No new emails to process.
2024-05-10 01:12:02 - No new emails to process.
2024-05-10 01:14:02 - No new emails to process.
2024-05-10 01:16:02 - No new emails to process.
2024-05-10 01:18:02 - No new emails to process.
2024-05-10 01:20:02 - No new emails to process.
2024-05-10 01:22:02 - No new emails to process.
2024-05-10 01:24:02 - No new emails to process.
2024-05-10 01:26:02 - No new emails to process.
2024-05-10 01:28:02 - No new emails to process.
2024-05-10 01:30:03 - No new emails to process.
2024-05-10 01:32:02 - No new emails to process.
2024-05-10 01:34:02 - No new emails to process.
2024-05-10 01:36:02 - No new emails to process.
2024-05-10 01:38:02 - No new emails to process.
2024-05-10 01:40:02 - No new emails to process.
2024-05-10 01:42:05 - No new emails to process.
2024-05-10 01:44:02 - Processing 1 new emails.
2024-05-10 01:44:02 - Processing email ID: 0
2024-05-10 01:44:02 - Email from: noreply@rmmservice.com
2024-05-10 01:44:02 - No ticket number found in subject line.
2024-05-10 01:44:02 - Created new ticket for existing contact.2024-05-10 01:44:03 - Processed email and moved to ITFlow folder.
2024-05-10 01:46:06 - No new emails to process.
2024-05-10 01:48:03 - No new emails to process.
2024-05-10 01:50:02 - Processing 1 new emails.
2024-05-10 01:50:02 - Processing email ID: 0
2024-05-10 01:50:02 - Email from: noreply@rmmservice.com
2024-05-10 01:50:02 - No ticket number found in subject line.
2024-05-10 01:50:02 - Created new ticket for existing contact.2024-05-10 01:50:03 - Processed email and moved to ITFlow folder.
2024-05-10 01:52:02 - No new emails to process.
2024-05-10 01:54:02 - No new emails to process.
2024-05-10 01:56:02 - No new emails to process.
2024-05-10 01:58:02 - No new emails to process.
2024-05-10 02:00:03 - No new emails to process.
2024-05-10 02:02:02 - No new emails to process.
2024-05-10 02:04:02 - No new emails to process.
2024-05-10 02:06:02 - No new emails to process.
2024-05-10 02:08:03 - No new emails to process.
2024-05-10 02:10:02 - No new emails to process.
2024-05-10 02:12:02 - No new emails to process.
2024-05-10 02:14:03 - No new emails to process.
2024-05-10 02:16:02 - No new emails to process.
2024-05-10 02:18:02 - No new emails to process.
2024-05-10 02:20:02 - No new emails to process.
2024-05-10 02:22:02 - No new emails to process.
2024-05-10 02:24:06 - No new emails to process.
2024-05-10 02:26:01 - No new emails to process.
2024-05-10 02:28:02 - No new emails to process.
2024-05-10 02:30:02 - No new emails to process.
2024-05-10 02:32:02 - No new emails to process.
2024-05-10 02:34:02 - No new emails to process.
2024-05-10 02:36:01 - No new emails to process.
2024-05-10 02:38:02 - No new emails to process.
2024-05-10 02:40:03 - No new emails to process.
2024-05-10 02:42:05 - No new emails to process.
2024-05-10 02:44:02 - No new emails to process.
2024-05-10 02:46:02 - No new emails to process.
2024-05-10 02:48:02 - No new emails to process.
2024-05-10 02:50:03 - No new emails to process.
2024-05-10 02:52:02 - No new emails to process.
2024-05-10 02:54:02 - No new emails to process.
2024-05-10 02:56:02 - No new emails to process.
2024-05-10 02:58:03 - No new emails to process.
2024-05-10 03:00:02 - No new emails to process.
2024-05-10 03:02:02 - No new emails to process.
2024-05-10 03:04:02 - No new emails to process.
2024-05-10 03:06:02 - No new emails to process.
2024-05-10 03:08:02 - No new emails to process.
2024-05-10 03:10:02 - No new emails to process.
2024-05-10 03:12:03 - No new emails to process.
2024-05-10 03:14:02 - No new emails to process.
2024-05-10 03:16:02 - No new emails to process.
2024-05-10 03:18:02 - No new emails to process.
2024-05-10 03:20:02 - No new emails to process.
2024-05-10 03:22:03 - No new emails to process.
2024-05-10 03:24:02 - No new emails to process.
2024-05-10 03:26:03 - No new emails to process.
2024-05-10 03:28:02 - No new emails to process.
2024-05-10 03:30:02 - No new emails to process.
2024-05-10 03:32:02 - No new emails to process.
2024-05-10 03:34:03 - No new emails to process.
2024-05-10 03:36:02 - No new emails to process.
2024-05-10 03:38:02 - No new emails to process.
2024-05-10 03:40:03 - No new emails to process.
2024-05-10 03:42:02 - No new emails to process.
2024-05-10 03:44:03 - No new emails to process.
2024-05-10 03:46:03 - No new emails to process.
2024-05-10 03:48:02 - No new emails to process.
2024-05-10 03:50:02 - No new emails to process.
2024-05-10 03:52:03 - No new emails to process.
2024-05-10 03:54:02 - No new emails to process.
2024-05-10 03:56:02 - No new emails to process.
2024-05-10 03:58:02 - No new emails to process.
2024-05-10 04:00:03 - No new emails to process.
2024-05-10 04:02:02 - No new emails to process.
2024-05-10 04:04:02 - No new emails to process.
2024-05-10 04:06:03 - No new emails to process.
2024-05-10 04:08:02 - No new emails to process.
2024-05-10 04:10:06 - No new emails to process.
2024-05-10 04:12:02 - No new emails to process.
2024-05-10 04:14:02 - No new emails to process.
2024-05-10 04:16:02 - No new emails to process.
2024-05-10 04:18:03 - No new emails to process.
2024-05-10 04:20:06 - No new emails to process.
2024-05-10 04:22:03 - No new emails to process.
2024-05-10 04:24:02 - No new emails to process.
2024-05-10 04:26:03 - No new emails to process.
2024-05-10 04:28:02 - No new emails to process.
2024-05-10 04:30:02 - No new emails to process.
2024-05-10 04:32:02 - Processing 1 new emails.
2024-05-10 04:32:02 - Processing email ID: 0
2024-05-10 04:32:03 - Email from: pravin.pingale@knovaone.com
2024-05-10 04:32:03 - No ticket number found in subject line.
2024-05-10 04:32:03 - Created new ticket for existing contact.2024-05-10 04:32:04 - Processed email and moved to ITFlow folder.
2024-05-10 04:34:02 - No new emails to process.
2024-05-10 04:36:02 - No new emails to process.
2024-05-10 04:38:06 - No new emails to process.
2024-05-10 04:40:02 - No new emails to process.
2024-05-10 04:42:03 - No new emails to process.
2024-05-10 04:44:02 - No new emails to process.
2024-05-10 04:46:02 - No new emails to process.
2024-05-10 04:48:01 - No new emails to process.
2024-05-10 04:50:02 - No new emails to process.
2024-05-10 04:52:03 - No new emails to process.
2024-05-10 04:54:02 - No new emails to process.
2024-05-10 04:56:01 - No new emails to process.
2024-05-10 04:58:02 - No new emails to process.
2024-05-10 05:00:02 - No new emails to process.
2024-05-10 05:02:02 - No new emails to process.
2024-05-10 05:04:03 - No new emails to process.
2024-05-10 05:06:03 - No new emails to process.
2024-05-10 05:08:03 - No new emails to process.
2024-05-10 05:10:03 - No new emails to process.
2024-05-10 05:12:02 - No new emails to process.
2024-05-10 05:14:02 - No new emails to process.
2024-05-10 05:16:02 - No new emails to process.
2024-05-10 05:18:02 - No new emails to process.
2024-05-10 05:20:06 - No new emails to process.
2024-05-10 05:22:02 - No new emails to process.
2024-05-10 05:24:02 - No new emails to process.
2024-05-10 05:26:02 - No new emails to process.
2024-05-10 05:28:01 - No new emails to process.
2024-05-10 05:30:02 - No new emails to process.
2024-05-10 05:32:03 - No new emails to process.
2024-05-10 05:34:05 - No new emails to process.
2024-05-10 05:36:03 - No new emails to process.
2024-05-10 05:38:02 - No new emails to process.
2024-05-10 05:40:02 - No new emails to process.
2024-05-10 05:42:02 - No new emails to process.
2024-05-10 05:44:03 - No new emails to process.
2024-05-10 05:46:02 - No new emails to process.
2024-05-10 05:48:03 - No new emails to process.
2024-05-10 05:50:02 - No new emails to process.
2024-05-10 05:52:02 - No new emails to process.
2024-05-10 05:54:04 - No new emails to process.
2024-05-10 05:56:03 - No new emails to process.
2024-05-10 05:58:02 - No new emails to process.
2024-05-10 06:00:02 - No new emails to process.
2024-05-10 06:02:06 - No new emails to process.
2024-05-10 06:04:02 - No new emails to process.
2024-05-10 06:06:03 - No new emails to process.
2024-05-10 06:08:03 - No new emails to process.
2024-05-10 06:10:02 - No new emails to process.
2024-05-10 06:12:03 - No new emails to process.
2024-05-10 06:14:02 - No new emails to process.
2024-05-10 06:16:02 - No new emails to process.
2024-05-10 06:18:02 - No new emails to process.
2024-05-10 06:20:03 - No new emails to process.
2024-05-10 06:22:02 - No new emails to process.
2024-05-10 06:24:02 - No new emails to process.
2024-05-10 06:26:03 - No new emails to process.
2024-05-10 06:28:02 - No new emails to process.
2024-05-10 06:30:02 - No new emails to process.
2024-05-10 06:32:02 - No new emails to process.
2024-05-10 06:34:02 - No new emails to process.
2024-05-10 06:36:02 - No new emails to process.
2024-05-10 06:38:02 - No new emails to process.
2024-05-10 06:40:03 - No new emails to process.
2024-05-10 06:42:02 - No new emails to process.
2024-05-10 06:44:03 - No new emails to process.
2024-05-10 06:46:02 - No new emails to process.
2024-05-10 06:48:02 - No new emails to process.
2024-05-10 06:50:06 - No new emails to process.
2024-05-10 06:52:02 - No new emails to process.
2024-05-10 06:54:02 - No new emails to process.
2024-05-10 06:56:02 - No new emails to process.
2024-05-10 06:58:02 - No new emails to process.
2024-05-10 07:00:02 - No new emails to process.
2024-05-10 07:02:03 - No new emails to process.
2024-05-10 07:04:02 - No new emails to process.
2024-05-10 07:06:02 - No new emails to process.
2024-05-10 07:08:03 - No new emails to process.
2024-05-10 07:10:02 - No new emails to process.
2024-05-10 07:12:02 - No new emails to process.
2024-05-10 07:14:02 - No new emails to process.
2024-05-10 07:16:03 - No new emails to process.
2024-05-10 07:18:02 - No new emails to process.
2024-05-10 07:20:02 - No new emails to process.
2024-05-10 07:22:03 - No new emails to process.
2024-05-10 07:24:02 - No new emails to process.
2024-05-10 07:26:02 - No new emails to process.
2024-05-10 07:28:02 - No new emails to process.
2024-05-10 07:30:02 - No new emails to process.
2024-05-10 07:32:02 - No new emails to process.
2024-05-10 07:34:02 - No new emails to process.
2024-05-10 07:36:02 - No new emails to process.
2024-05-10 07:38:02 - No new emails to process.
2024-05-10 07:40:03 - No new emails to process.
2024-05-10 07:42:02 - No new emails to process.
2024-05-10 07:44:02 - No new emails to process.
2024-05-10 07:46:02 - No new emails to process.
2024-05-10 07:48:02 - No new emails to process.
2024-05-10 07:50:02 - No new emails to process.
2024-05-10 07:52:02 - No new emails to process.
2024-05-10 07:54:01 - No new emails to process.
2024-05-10 07:56:02 - No new emails to process.
2024-05-10 07:58:01 - No new emails to process.
2024-05-10 08:00:02 - No new emails to process.
2024-05-10 08:02:02 - No new emails to process.
2024-05-10 08:04:02 - No new emails to process.
2024-05-10 08:06:02 - No new emails to process.
2024-05-10 08:08:03 - No new emails to process.
2024-05-10 08:10:02 - No new emails to process.
2024-05-10 08:12:03 - No new emails to process.
2024-05-10 08:14:02 - No new emails to process.
2024-05-10 08:16:03 - No new emails to process.
2024-05-10 08:18:02 - No new emails to process.
2024-05-10 08:20:03 - No new emails to process.
2024-05-10 08:22:02 - No new emails to process.
2024-05-10 08:24:02 - No new emails to process.
2024-05-10 08:26:02 - No new emails to process.
2024-05-10 08:28:03 - No new emails to process.
2024-05-10 08:30:02 - No new emails to process.
2024-05-10 08:32:02 - No new emails to process.
2024-05-10 08:34:02 - No new emails to process.
2024-05-10 08:36:03 - No new emails to process.
2024-05-10 08:38:02 - No new emails to process.
2024-05-10 08:40:03 - No new emails to process.
2024-05-10 08:42:02 - No new emails to process.
2024-05-10 08:44:04 - No new emails to process.
2024-05-10 08:46:02 - No new emails to process.
2024-05-10 08:48:01 - No new emails to process.
2024-05-10 08:50:02 - No new emails to process.
2024-05-10 08:52:02 - No new emails to process.
2024-05-10 08:54:02 - No new emails to process.
2024-05-10 08:56:02 - No new emails to process.
2024-05-10 08:58:03 - No new emails to process.
2024-05-10 09:00:02 - No new emails to process.
2024-05-10 09:02:01 - No new emails to process.
2024-05-10 09:04:02 - No new emails to process.
2024-05-10 09:06:03 - No new emails to process.
2024-05-10 09:08:02 - No new emails to process.
2024-05-10 09:10:02 - No new emails to process.
2024-05-10 09:12:02 - No new emails to process.
2024-05-10 09:14:02 - No new emails to process.
2024-05-10 09:16:02 - No new emails to process.
2024-05-10 09:18:02 - No new emails to process.
2024-05-10 09:20:03 - No new emails to process.
2024-05-10 09:22:03 - No new emails to process.
2024-05-10 09:24:02 - No new emails to process.
2024-05-10 09:26:03 - No new emails to process.
2024-05-10 09:28:02 - No new emails to process.
2024-05-10 09:30:03 - No new emails to process.
2024-05-10 09:32:02 - No new emails to process.
2024-05-10 09:34:02 - No new emails to process.
2024-05-10 09:36:05 - No new emails to process.
2024-05-10 09:38:02 - No new emails to process.
2024-05-10 09:40:02 - No new emails to process.
2024-05-10 09:42:02 - No new emails to process.
2024-05-10 09:44:02 - No new emails to process.
2024-05-10 09:46:02 - No new emails to process.
2024-05-10 09:48:02 - No new emails to process.
2024-05-10 09:50:03 - No new emails to process.
2024-05-10 09:52:02 - No new emails to process.
2024-05-10 09:54:02 - No new emails to process.
2024-05-10 09:56:02 - No new emails to process.
2024-05-10 09:58:03 - No new emails to process.
2024-05-10 10:00:02 - No new emails to process.
2024-05-10 10:02:02 - No new emails to process.
2024-05-10 10:04:01 - No new emails to process.
2024-05-10 10:06:02 - No new emails to process.
2024-05-10 10:08:02 - No new emails to process.
2024-05-10 10:10:05 - No new emails to process.
2024-05-10 10:12:02 - No new emails to process.
2024-05-10 10:14:02 - No new emails to process.
2024-05-10 10:16:02 - No new emails to process.
2024-05-10 10:18:02 - No new emails to process.
2024-05-10 10:20:02 - No new emails to process.
2024-05-10 10:22:02 - No new emails to process.
2024-05-10 10:24:02 - No new emails to process.
2024-05-10 10:26:02 - No new emails to process.
2024-05-10 10:28:01 - No new emails to process.
2024-05-10 10:30:04 - No new emails to process.
2024-05-10 10:32:02 - No new emails to process.
2024-05-10 10:34:02 - No new emails to process.
2024-05-10 10:36:03 - No new emails to process.
2024-05-10 10:38:02 - No new emails to process.
2024-05-10 10:40:02 - No new emails to process.
2024-05-10 10:42:02 - No new emails to process.
2024-05-10 10:44:03 - No new emails to process.
2024-05-10 10:46:03 - No new emails to process.
2024-05-10 10:48:02 - No new emails to process.
2024-05-10 10:50:02 - No new emails to process.
2024-05-10 10:52:02 - No new emails to process.
2024-05-10 10:54:02 - No new emails to process.
2024-05-10 10:56:02 - No new emails to process.
2024-05-10 10:58:06 - No new emails to process.
2024-05-10 11:00:02 - No new emails to process.
2024-05-10 11:02:03 - No new emails to process.
2024-05-10 11:04:02 - No new emails to process.
2024-05-10 11:06:02 - No new emails to process.
2024-05-10 11:08:03 - No new emails to process.
2024-05-10 11:10:02 - No new emails to process.
2024-05-10 11:12:02 - No new emails to process.
2024-05-10 11:14:02 - No new emails to process.
2024-05-10 11:16:02 - No new emails to process.
2024-05-10 11:18:03 - No new emails to process.
2024-05-10 11:20:05 - No new emails to process.
2024-05-10 11:22:02 - No new emails to process.
2024-05-10 11:24:02 - No new emails to process.
2024-05-10 11:26:02 - No new emails to process.
2024-05-10 11:28:02 - No new emails to process.
2024-05-10 11:30:01 - No new emails to process.
2024-05-10 11:32:02 - No new emails to process.
2024-05-10 11:34:02 - No new emails to process.
2024-05-10 11:36:03 - No new emails to process.
2024-05-10 11:38:02 - No new emails to process.
2024-05-10 11:40:02 - No new emails to process.
2024-05-10 11:42:03 - No new emails to process.
2024-05-10 11:44:02 - No new emails to process.
2024-05-10 11:46:02 - No new emails to process.
2024-05-10 11:48:02 - No new emails to process.
2024-05-10 11:50:03 - Processing 1 new emails.
2024-05-10 11:50:03 - Processing email ID: 0
2024-05-10 11:50:03 - Email from: snisbet@azgroupi.com
2024-05-10 11:50:03 - No ticket number found in subject line.
2024-05-10 11:50:03 - Created new ticket for existing contact.2024-05-10 11:50:04 - Processed email and moved to ITFlow folder.
2024-05-10 11:52:03 - No new emails to process.
2024-05-10 11:54:02 - No new emails to process.
2024-05-10 11:56:02 - No new emails to process.
2024-05-10 11:58:02 - No new emails to process.
2024-05-10 12:00:02 - No new emails to process.
2024-05-10 12:02:02 - No new emails to process.
2024-05-10 12:04:03 - No new emails to process.
2024-05-10 12:06:03 - No new emails to process.
2024-05-10 12:08:02 - No new emails to process.
2024-05-10 12:10:01 - No new emails to process.
2024-05-10 12:12:02 - No new emails to process.
2024-05-10 12:14:03 - No new emails to process.
2024-05-10 12:16:03 - No new emails to process.
2024-05-10 12:18:02 - No new emails to process.
2024-05-10 12:20:03 - No new emails to process.
2024-05-10 12:22:02 - No new emails to process.
2024-05-10 12:24:02 - No new emails to process.
2024-05-10 12:26:03 - No new emails to process.
2024-05-10 12:28:03 - No new emails to process.
2024-05-10 12:30:02 - No new emails to process.
2024-05-10 12:32:02 - No new emails to process.
2024-05-10 12:34:02 - No new emails to process.
2024-05-10 12:36:03 - No new emails to process.
2024-05-10 12:38:03 - No new emails to process.
PHP Parse error:  syntax error, unexpected end of file, expecting "{" in /var/www/portal.twe.tech/includes/functions/accounting_functions.php on line 401

Parse error: syntax error, unexpected end of file, expecting "{" in /var/www/portal.twe.tech/includes/functions/accounting_functions.php on line 401
2024-05-10 12:42:02 - No new emails to process.
2024-05-10 12:44:02 - No new emails to process.
2024-05-10 12:46:02 - No new emails to process.
2024-05-10 12:48:02 - No new emails to process.
2024-05-10 12:50:02 - No new emails to process.
2024-05-10 12:52:03 - No new emails to process.
2024-05-10 12:54:03 - No new emails to process.
2024-05-10 12:56:02 - No new emails to process.
2024-05-10 12:58:01 - No new emails to process.
2024-05-10 13:00:02 - No new emails to process.
2024-05-10 13:02:02 - No new emails to process.
2024-05-10 13:04:02 - No new emails to process.
2024-05-10 13:06:02 - No new emails to process.
2024-05-10 13:08:02 - No new emails to process.
2024-05-10 13:10:03 - No new emails to process.
2024-05-10 13:12:02 - No new emails to process.
2024-05-10 13:14:03 - No new emails to process.
2024-05-10 13:16:02 - No new emails to process.
2024-05-10 13:18:02 - No new emails to process.
2024-05-10 13:20:02 - No new emails to process.
2024-05-10 13:22:03 - No new emails to process.
2024-05-10 13:24:02 - No new emails to process.
2024-05-10 13:26:01 - No new emails to process.
2024-05-10 13:28:02 - No new emails to process.
2024-05-10 13:30:02 - No new emails to process.
